\BOOKMARK [0][-]{section*.1}{\376\377\000C\000o\000n\000t\000e\000n\000t\000s}{}% 1
\BOOKMARK [-1][-]{part.3}{\376\377\000R\000e\000s\000u\000l\000t\000s}{}% 28
\BOOKMARK [0][-]{chapter.5}{\376\377\000L\000o\000n\000g\000-\000t\000e\000r\000m\000\040\000c\000h\000a\000r\000a\000c\000t\000e\000r\000i\000s\000t\000i\000c\000s\000\040\000o\000f\000\040\000s\000o\000l\000a\000r\000\040\000r\000e\000s\000o\000u\000r\000c\000e\000\040\000o\000v\000e\000r\000\040\000t\000h\000e\000\040\000I\000b\000e\000r\000i\000a\000n\000\040\000P\000e\000n\000i\000n\000s\000u\000l\000a}{part.3}% 29
\BOOKMARK [1][-]{section.5.1}{\376\377\000I\000n\000t\000r\000o\000d\000u\000c\000t\000i\000o\000n}{chapter.5}% 30
\BOOKMARK [1][-]{section.5.2}{\376\377\000M\000e\000t\000h\000o\000d\000s}{chapter.5}% 31
\BOOKMARK [1][-]{section.5.3}{\376\377\000R\000e\000s\000u\000l\000t\000s}{chapter.5}% 32
\BOOKMARK [1][-]{section.5.4}{\376\377\000C\000o\000n\000c\000l\000u\000s\000i\000o\000n}{chapter.5}% 33
\BOOKMARK [1][-]{section.5.1}{\376\377\000Y\000e\000a\000r\000l\000y\000\040\000m\000e\000a\000n\000\040\000v\000a\000l\000u\000e\000s\000\040\000a\000n\000d\000\040\000v\000a\000r\000i\000a\000b\000i\000l\000i\000t\000y}{chapter.5}% 34
\BOOKMARK [1][-]{section.5.2}{\376\377\000M\000o\000n\000t\000h\000l\000y\000\040\000s\000e\000r\000i\000e\000s\000\040\000v\000a\000r\000i\000a\000b\000i\000l\000i\000t\000y}{chapter.5}% 35
\BOOKMARK [1][-]{section.5.3}{\376\377\000C\000o\000m\000p\000l\000e\000m\000e\000n\000t\000a\000r\000i\000t\000y}{chapter.5}% 36
\BOOKMARK [0][-]{chapter.6}{\376\377\000I\000m\000p\000a\000c\000t\000\040\000o\000f\000\040\000a\000e\000r\000o\000s\000o\000l\000s\000\040\000i\000n\000\040\000p\000h\000o\000t\000o\000v\000o\000l\000t\000a\000i\000c\000\040\000e\000n\000e\000r\000g\000y\000\040\000p\000r\000o\000d\000u\000c\000t\000i\000o\000n\000\040\000o\000v\000e\000r\000\040\000t\000h\000e\000\040\000E\000u\000r\000o\000-\000M\000e\000d\000i\000t\000e\000r\000r\000a\000n\000e\000a\000n\000\040\000a\000r\000e\000a}{part.3}% 37
\BOOKMARK [1][-]{section.6.1}{\376\377\000I\000n\000t\000r\000o\000d\000u\000c\000t\000i\000o\000n}{chapter.6}% 38
\BOOKMARK [1][-]{section.6.2}{\376\377\000D\000a\000t\000a\000\040\000a\000n\000d\000\040\000M\000e\000t\000h\000o\000d\000s}{chapter.6}% 39
\BOOKMARK [1][-]{section.6.3}{\376\377\000R\000e\000s\000u\000l\000t\000s}{chapter.6}% 40
\BOOKMARK [1][-]{section.6.4}{\376\377\000D\000i\000s\000c\000u\000s\000s\000i\000o\000n}{chapter.6}% 41
\BOOKMARK [1][-]{section.6.5}{\376\377\000C\000o\000n\000c\000l\000u\000s\000i\000o\000n\000s}{chapter.6}% 42
\BOOKMARK [0][-]{chapter.7}{\376\377\000F\000u\000t\000u\000r\000e\000\040\000p\000r\000o\000j\000e\000c\000t\000i\000o\000n\000s\000\040\000o\000f\000\040\000s\000o\000l\000a\000r\000\040\000r\000e\000s\000o\000u\000r\000c\000e\000\040\000f\000o\000r\000\040\000p\000h\000o\000t\000o\000v\000o\000l\000t\000a\000i\000c\000\040\000a\000p\000p\000l\000i\000c\000a\000t\000i\000o\000n\000s}{part.3}% 43
\BOOKMARK [1][-]{section.7.1}{\376\377\000I\000n\000t\000r\000o\000d\000u\000c\000t\000i\000o\000n}{chapter.7}% 44
\BOOKMARK [1][-]{section.7.2}{\376\377\000C\000l\000i\000m\000a\000t\000e\000\040\000d\000a\000t\000a}{chapter.7}% 45
\BOOKMARK [1][-]{section.7.3}{\376\377\000M\000e\000t\000h\000o\000d\000s}{chapter.7}% 46
\BOOKMARK [1][-]{section.7.4}{\376\377\000R\000e\000s\000u\000l\000t\000s}{chapter.7}% 47
\BOOKMARK [1][-]{section.7.5}{\376\377\000D\000i\000s\000c\000u\000s\000s\000i\000o\000n}{chapter.7}% 48
\BOOKMARK [1][-]{section.7.6}{\376\377\000C\000o\000n\000c\000l\000u\000s\000i\000o\000n}{chapter.7}% 49
\BOOKMARK [1][-]{section.Alph0.1}{\376\377\000M\000E\000D\000-\000C\000O\000R\000D\000E\000X\000\040\000a\000n\000a\000l\000y\000s\000i\000s}{chapter.7}% 50
\BOOKMARK [1][-]{section.Alph0.2}{\376\377\000c\000o\000m\000m\000e\000n\000t\000s}{chapter.7}% 51
\BOOKMARK [0][-]{section*.40}{\376\377\000B\000i\000b\000l\000i\000o\000g\000r\000a\000p\000h\000y}{part.3}% 52
